device: cuda
GPU    : Tesla T4
memory : 15.6 GB
num_classes : 10
train flows : 143,375
test  flows : 35,839

epoch 01/50  train_loss=0.9906
  loss=0.5437  acc=0.8008

  Label                           Correct    Total      Acc
  ----------------------------------------------------------
  Malware/Cridex                     3275     3277   0.9994
  Malware/Geodo                      7194     8189   0.8785
  Malware/Htbot                       975     1267   0.7695
  Malware/Miuref                     1400     2695   0.5195
  Malware/Neris                      3045     6758   0.4506
  Malware/Nsis-ay                    1166     1213   0.9613
  Malware/Shifu                      1401     1926   0.7274
  Malware/Tinba                      1699     1700   0.9994
  Malware/Virut                      6410     6620   0.9683
  Malware/Zeus                       2136     2194   0.9736
  Malware acc=0.8008  (28701/35839)
  ✓ best model saved (malware_acc=0.8008)

epoch 02/50  train_loss=0.4148
  loss=0.8447  acc=0.6560

  Label                           Correct    Total      Acc
  ----------------------------------------------------------
  Malware/Cridex                     3275     3277   0.9994
  Malware/Geodo                       726     8189   0.0887
  Malware/Htbot                      1123     1267   0.8863
  Malware/Miuref                     1424     2695   0.5284
  Malware/Neris                      5768     6758   0.8535
  Malware/Nsis-ay                    1156     1213   0.9530
  Malware/Shifu                      1845     1926   0.9579
  Malware/Tinba                      1633     1700   0.9606
  Malware/Virut                      4520     6620   0.6828
  Malware/Zeus                       2042     2194   0.9307
  Malware acc=0.6560  (23512/35839)

epoch 03/50  train_loss=0.3304
  loss=0.3339  acc=0.8680

  Label                           Correct    Total      Acc
  ----------------------------------------------------------
  Malware/Cridex                     3275     3277   0.9994
  Malware/Geodo                      7964     8189   0.9725
  Malware/Htbot                      1145     1267   0.9037
  Malware/Miuref                     1424     2695   0.5284
  Malware/Neris                      4112     6758   0.6085
  Malware/Nsis-ay                    1175     1213   0.9687
  Malware/Shifu                      1904     1926   0.9886
  Malware/Tinba                      1699     1700   0.9994
  Malware/Virut                      6242     6620   0.9429
  Malware/Zeus                       2167     2194   0.9877
  Malware acc=0.8680  (31107/35839)
  ✓ best model saved (malware_acc=0.8680)

epoch 04/50  train_loss=0.2690
  loss=0.2768  acc=0.8944

  Label                           Correct    Total      Acc
  ----------------------------------------------------------
  Malware/Cridex                     3275     3277   0.9994
  Malware/Geodo                      7985     8189   0.9751
  Malware/Htbot                      1118     1267   0.8824
  Malware/Miuref                     1424     2695   0.5284
  Malware/Neris                      6297     6758   0.9318
  Malware/Nsis-ay                    1172     1213   0.9662
  Malware/Shifu                      1903     1926   0.9881
  Malware/Tinba                      1698     1700   0.9988
  Malware/Virut                      5035     6620   0.7606
  Malware/Zeus                       2149     2194   0.9795
  Malware acc=0.8944  (32056/35839)
  ✓ best model saved (malware_acc=0.8944)

epoch 05/50  train_loss=0.2476
  loss=0.2775  acc=0.8939

  Label                           Correct    Total      Acc
  ----------------------------------------------------------
  Malware/Cridex                     3275     3277   0.9994
  Malware/Geodo                      8049     8189   0.9829
  Malware/Htbot                      1166     1267   0.9203
  Malware/Miuref                     1424     2695   0.5284
  Malware/Neris                      6093     6758   0.9016
  Malware/Nsis-ay                    1175     1213   0.9687
  Malware/Shifu                      1904     1926   0.9886
  Malware/Tinba                      1699     1700   0.9994
  Malware/Virut                      5069     6620   0.7657
  Malware/Zeus                       2183     2194   0.9950
  Malware acc=0.8939  (32037/35839)

epoch 06/50  train_loss=0.2286
  loss=0.2648  acc=0.8975

  Label                           Correct    Total      Acc
  ----------------------------------------------------------
  Malware/Cridex                     3275     3277   0.9994
  Malware/Geodo                      8052     8189   0.9833
  Malware/Htbot                      1155     1267   0.9116
  Malware/Miuref                     1424     2695   0.5284
  Malware/Neris                      6181     6758   0.9146
  Malware/Nsis-ay                    1174     1213   0.9678
  Malware/Shifu                      1904     1926   0.9886
  Malware/Tinba                      1698     1700   0.9988
  Malware/Virut                      5154     6620   0.7785
  Malware/Zeus                       2150     2194   0.9799
  Malware acc=0.8975  (32167/35839)
  ✓ best model saved (malware_acc=0.8975)

epoch 07/50  train_loss=0.2182
  loss=0.2690  acc=0.8914

  Label                           Correct    Total      Acc
  ----------------------------------------------------------
  Malware/Cridex                     3275     3277   0.9994
  Malware/Geodo                      8056     8189   0.9838
  Malware/Htbot                      1162     1267   0.9171
  Malware/Miuref                     1424     2695   0.5284
  Malware/Neris                      4651     6758   0.6882
  Malware/Nsis-ay                    1187     1213   0.9786
  Malware/Shifu                      1904     1926   0.9886
  Malware/Tinba                      1698     1700   0.9988
  Malware/Virut                      6404     6620   0.9674
  Malware/Zeus                       2185     2194   0.9959
  Malware acc=0.8914  (31946/35839)

epoch 08/50  train_loss=0.2132
  loss=0.2657  acc=0.8909

  Label                           Correct    Total      Acc
  ----------------------------------------------------------
  Malware/Cridex                     3275     3277   0.9994
  Malware/Geodo                      8057     8189   0.9839
  Malware/Htbot                      1155     1267   0.9116
  Malware/Miuref                     1424     2695   0.5284
  Malware/Neris                      4635     6758   0.6859
  Malware/Nsis-ay                    1191     1213   0.9819
  Malware/Shifu                      1905     1926   0.9891
  Malware/Tinba                      1699     1700   0.9994
  Malware/Virut                      6405     6620   0.9675
  Malware/Zeus                       2183     2194   0.9950
  Malware acc=0.8909  (31929/35839)

epoch 09/50  train_loss=0.2067
  loss=0.2667  acc=0.8915

  Label                           Correct    Total      Acc
  ----------------------------------------------------------
  Malware/Cridex                     3275     3277   0.9994
  Malware/Geodo                      8055     8189   0.9836
  Malware/Htbot                      1192     1267   0.9408
  Malware/Miuref                     1424     2695   0.5284
  Malware/Neris                      4606     6758   0.6816
  Malware/Nsis-ay                    1174     1213   0.9678
  Malware/Shifu                      1905     1926   0.9891
  Malware/Tinba                      1698     1700   0.9988
  Malware/Virut                      6439     6620   0.9727
  Malware/Zeus                       2184     2194   0.9954
  Malware acc=0.8915  (31952/35839)

epoch 10/50  train_loss=0.1999
  loss=0.2534  acc=0.8918

  Label                           Correct    Total      Acc
  ----------------------------------------------------------
  Malware/Cridex                     3275     3277   0.9994
  Malware/Geodo                      8051     8189   0.9831
  Malware/Htbot                      1220     1267   0.9629
  Malware/Miuref                     1424     2695   0.5284
  Malware/Neris                      4576     6758   0.6771
  Malware/Nsis-ay                    1184     1213   0.9761
  Malware/Shifu                      1904     1926   0.9886
  Malware/Tinba                      1698     1700   0.9988
  Malware/Virut                      6446     6620   0.9737
  Malware/Zeus                       2185     2194   0.9959
  Malware acc=0.8918  (31963/35839)

epoch 11/50  train_loss=0.1971
  loss=0.2546  acc=0.9018

  Label                           Correct    Total      Acc
  ----------------------------------------------------------
  Malware/Cridex                     3275     3277   0.9994
  Malware/Geodo                      8055     8189   0.9836
  Malware/Htbot                      1199     1267   0.9463
  Malware/Miuref                     1424     2695   0.5284
  Malware/Neris                      6273     6758   0.9282
  Malware/Nsis-ay                    1192     1213   0.9827
  Malware/Shifu                      1905     1926   0.9891
  Malware/Tinba                      1698     1700   0.9988
  Malware/Virut                      5116     6620   0.7728
  Malware/Zeus                       2184     2194   0.9954
  Malware acc=0.9018  (32321/35839)
  ✓ best model saved (malware_acc=0.9018)

epoch 12/50  train_loss=0.2165
  loss=0.2538  acc=0.8998

  Label                           Correct    Total      Acc
  ----------------------------------------------------------
  Malware/Cridex                     3275     3277   0.9994
  Malware/Geodo                      8051     8189   0.9831
  Malware/Htbot                      1215     1267   0.9590
  Malware/Miuref                     1424     2695   0.5284
  Malware/Neris                      6182     6758   0.9148
  Malware/Nsis-ay                    1188     1213   0.9794
  Malware/Shifu                      1904     1926   0.9886
  Malware/Tinba                      1698     1700   0.9988
  Malware/Virut                      5127     6620   0.7745
  Malware/Zeus                       2183     2194   0.9950
  Malware acc=0.8998  (32247/35839)

epoch 13/50  train_loss=0.1906
  loss=0.2525  acc=0.8998

  Label                           Correct    Total      Acc
  ----------------------------------------------------------
  Malware/Cridex                     3275     3277   0.9994
  Malware/Geodo                      8054     8189   0.9835
  Malware/Htbot                      1212     1267   0.9566
  Malware/Miuref                     1424     2695   0.5284
  Malware/Neris                      6306     6758   0.9331
  Malware/Nsis-ay                    1188     1213   0.9794
  Malware/Shifu                      1905     1926   0.9891
  Malware/Tinba                      1698     1700   0.9988
  Malware/Virut                      5005     6620   0.7560
  Malware/Zeus                       2182     2194   0.9945
  Malware acc=0.8998  (32249/35839)

epoch 14/50  train_loss=0.1891
  loss=0.2524  acc=0.8936

  Label                           Correct    Total      Acc
  ----------------------------------------------------------
  Malware/Cridex                     3275     3277   0.9994
  Malware/Geodo                      8052     8189   0.9833
  Malware/Htbot                      1233     1267   0.9732
  Malware/Miuref                     1424     2695   0.5284
  Malware/Neris                      4582     6758   0.6780
  Malware/Nsis-ay                    1191     1213   0.9819
  Malware/Shifu                      1904     1926   0.9886
  Malware/Tinba                      1698     1700   0.9988
  Malware/Virut                      6481     6620   0.9790
  Malware/Zeus                       2184     2194   0.9954
  Malware acc=0.8936  (32024/35839)

epoch 15/50  train_loss=0.1856
  loss=0.2503  acc=0.9006

  Label                           Correct    Total      Acc
  ----------------------------------------------------------
  Malware/Cridex                     3275     3277   0.9994
  Malware/Geodo                      8052     8189   0.9833
  Malware/Htbot                      1203     1267   0.9495
  Malware/Miuref                     1426     2695   0.5291
  Malware/Neris                      6173     6758   0.9134
  Malware/Nsis-ay                    1191     1213   0.9819
  Malware/Shifu                      1905     1926   0.9891
  Malware/Tinba                      1698     1700   0.9988
  Malware/Virut                      5170     6620   0.7810
  Malware/Zeus                       2185     2194   0.9959
  Malware acc=0.9006  (32278/35839)

epoch 16/50  train_loss=0.1837
  loss=0.2486  acc=0.8944

  Label                           Correct    Total      Acc
  ----------------------------------------------------------
  Malware/Cridex                     3275     3277   0.9994
  Malware/Geodo                      8057     8189   0.9839
  Malware/Htbot                      1226     1267   0.9676
  Malware/Miuref                     1427     2695   0.5295
  Malware/Neris                      4616     6758   0.6830
  Malware/Nsis-ay                    1184     1213   0.9761
  Malware/Shifu                      1912     1926   0.9927
  Malware/Tinba                      1698     1700   0.9988
  Malware/Virut                      6476     6620   0.9782
  Malware/Zeus                       2185     2194   0.9959
  Malware acc=0.8944  (32056/35839)

epoch 17/50  train_loss=0.1828
  loss=0.2560  acc=0.8914

  Label                           Correct    Total      Acc
  ----------------------------------------------------------
  Malware/Cridex                     3275     3277   0.9994
  Malware/Geodo                      8048     8189   0.9828
  Malware/Htbot                      1241     1267   0.9795
  Malware/Miuref                     1427     2695   0.5295
  Malware/Neris                      4487     6758   0.6640
  Malware/Nsis-ay                    1186     1213   0.9777
  Malware/Shifu                      1905     1926   0.9891
  Malware/Tinba                      1698     1700   0.9988
  Malware/Virut                      6494     6620   0.9810
  Malware/Zeus                       2185     2194   0.9959
  Malware acc=0.8914  (31946/35839)

epoch 18/50  train_loss=0.1798
  loss=0.2419  acc=0.8948

  Label                           Correct    Total      Acc
  ----------------------------------------------------------
  Malware/Cridex                     3275     3277   0.9994
  Malware/Geodo                      8057     8189   0.9839
  Malware/Htbot                      1233     1267   0.9732
  Malware/Miuref                     1427     2695   0.5295
  Malware/Neris                      4637     6758   0.6861
  Malware/Nsis-ay                    1195     1213   0.9852
  Malware/Shifu                      1912     1926   0.9927
  Malware/Tinba                      1698     1700   0.9988
  Malware/Virut                      6452     6620   0.9746
  Malware/Zeus                       2184     2194   0.9954
  Malware acc=0.8948  (32070/35839)

epoch 19/50  train_loss=0.1785
  loss=0.2502  acc=0.9023

  Label                           Correct    Total      Acc
  ----------------------------------------------------------
  Malware/Cridex                     3275     3277   0.9994
  Malware/Geodo                      8054     8189   0.9835
  Malware/Htbot                      1224     1267   0.9661
  Malware/Miuref                     1429     2695   0.5302
  Malware/Neris                      6347     6758   0.9392
  Malware/Nsis-ay                    1189     1213   0.9802
  Malware/Shifu                      1912     1926   0.9927
  Malware/Tinba                      1698     1700   0.9988
  Malware/Virut                      5028     6620   0.7595
  Malware/Zeus                       2183     2194   0.9950
  Malware acc=0.9023  (32339/35839)
  ✓ best model saved (malware_acc=0.9023)

epoch 20/50  train_loss=0.1776
  loss=0.2461  acc=0.9017

  Label                           Correct    Total      Acc
  ----------------------------------------------------------
  Malware/Cridex                     3275     3277   0.9994
  Malware/Geodo                      8054     8189   0.9835
  Malware/Htbot                      1234     1267   0.9740
  Malware/Miuref                     1428     2695   0.5299
  Malware/Neris                      6315     6758   0.9344
  Malware/Nsis-ay                    1199     1213   0.9885
  Malware/Shifu                      1912     1926   0.9927
  Malware/Tinba                      1698     1700   0.9988
  Malware/Virut                      5018     6620   0.7580
  Malware/Zeus                       2184     2194   0.9954
  Malware acc=0.9017  (32317/35839)

epoch 21/50  train_loss=0.1770
  loss=0.2345  acc=0.9032

  Label                           Correct    Total      Acc
  ----------------------------------------------------------
  Malware/Cridex                     3275     3277   0.9994
  Malware/Geodo                      8056     8189   0.9838
  Malware/Htbot                      1233     1267   0.9732
  Malware/Miuref                     1429     2695   0.5302
  Malware/Neris                      6266     6758   0.9272
  Malware/Nsis-ay                    1193     1213   0.9835
  Malware/Shifu                      1912     1926   0.9927
  Malware/Tinba                      1698     1700   0.9988
  Malware/Virut                      5123     6620   0.7739
  Malware/Zeus                       2185     2194   0.9959
  Malware acc=0.9032  (32370/35839)
  ✓ best model saved (malware_acc=0.9032)

epoch 22/50  train_loss=0.1744
  loss=0.2438  acc=0.9031

  Label                           Correct    Total      Acc
  ----------------------------------------------------------
  Malware/Cridex                     3275     3277   0.9994
  Malware/Geodo                      8055     8189   0.9836
  Malware/Htbot                      1228     1267   0.9692
  Malware/Miuref                     1429     2695   0.5302
  Malware/Neris                      6299     6758   0.9321
  Malware/Nsis-ay                    1200     1213   0.9893
  Malware/Shifu                      1912     1926   0.9927
  Malware/Tinba                      1698     1700   0.9988
  Malware/Virut                      5086     6620   0.7683
  Malware/Zeus                       2184     2194   0.9954
  Malware acc=0.9031  (32366/35839)

epoch 23/50  train_loss=0.1737
  loss=0.2428  acc=0.8965

  Label                           Correct    Total      Acc
  ----------------------------------------------------------
  Malware/Cridex                     3275     3277   0.9994
  Malware/Geodo                      8054     8189   0.9835
  Malware/Htbot                      1231     1267   0.9716
  Malware/Miuref                     1429     2695   0.5302
  Malware/Neris                      4644     6758   0.6872
  Malware/Nsis-ay                    1192     1213   0.9827
  Malware/Shifu                      1912     1926   0.9927
  Malware/Tinba                      1700     1700   1.0000
  Malware/Virut                      6510     6620   0.9834
  Malware/Zeus                       2184     2194   0.9954
  Malware acc=0.8965  (32131/35839)

epoch 24/50  train_loss=0.1718
  loss=0.2444  acc=0.9032

  Label                           Correct    Total      Acc
  ----------------------------------------------------------
  Malware/Cridex                     3275     3277   0.9994
  Malware/Geodo                      8058     8189   0.9840
  Malware/Htbot                      1225     1267   0.9669
  Malware/Miuref                     1429     2695   0.5302
  Malware/Neris                      6298     6758   0.9319
  Malware/Nsis-ay                    1195     1213   0.9852
  Malware/Shifu                      1912     1926   0.9927
  Malware/Tinba                      1699     1700   0.9994
  Malware/Virut                      5094     6620   0.7695
  Malware/Zeus                       2184     2194   0.9954
  Malware acc=0.9032  (32369/35839)

epoch 25/50  train_loss=0.1710
  loss=0.2393  acc=0.9041

  Label                           Correct    Total      Acc
  ----------------------------------------------------------
  Malware/Cridex                     3275     3277   0.9994
  Malware/Geodo                      8056     8189   0.9838
  Malware/Htbot                      1225     1267   0.9669
  Malware/Miuref                     1429     2695   0.5302
  Malware/Neris                      6269     6758   0.9276
  Malware/Nsis-ay                    1189     1213   0.9802
  Malware/Shifu                      1912     1926   0.9927
  Malware/Tinba                      1698     1700   0.9988
  Malware/Virut                      5166     6620   0.7804
  Malware/Zeus                       2183     2194   0.9950
  Malware acc=0.9041  (32402/35839)
  ✓ best model saved (malware_acc=0.9041)

epoch 26/50  train_loss=0.1716
  loss=0.2348  acc=0.8960

  Label                           Correct    Total      Acc
  ----------------------------------------------------------
  Malware/Cridex                     3275     3277   0.9994
  Malware/Geodo                      8058     8189   0.9840
  Malware/Htbot                      1228     1267   0.9692
  Malware/Miuref                     1429     2695   0.5302
  Malware/Neris                      4656     6758   0.6890
  Malware/Nsis-ay                    1197     1213   0.9868
  Malware/Shifu                      1912     1926   0.9927
  Malware/Tinba                      1699     1700   0.9994
  Malware/Virut                      6474     6620   0.9779
  Malware/Zeus                       2185     2194   0.9959
  Malware acc=0.8960  (32113/35839)

epoch 27/50  train_loss=0.1707
  loss=0.2401  acc=0.9046

  Label                           Correct    Total      Acc
  ----------------------------------------------------------
  Malware/Cridex                     3275     3277   0.9994
  Malware/Geodo                      8058     8189   0.9840
  Malware/Htbot                      1235     1267   0.9747
  Malware/Miuref                     1430     2695   0.5306
  Malware/Neris                      6288     6758   0.9305
  Malware/Nsis-ay                    1196     1213   0.9860
  Malware/Shifu                      1912     1926   0.9927
  Malware/Tinba                      1698     1700   0.9988
  Malware/Virut                      5141     6620   0.7766
  Malware/Zeus                       2186     2194   0.9964
  Malware acc=0.9046  (32419/35839)
  ✓ best model saved (malware_acc=0.9046)

epoch 28/50  train_loss=0.1677
  loss=0.2345  acc=0.9032

  Label                           Correct    Total      Acc
  ----------------------------------------------------------
  Malware/Cridex                     3275     3277   0.9994
  Malware/Geodo                      8057     8189   0.9839
  Malware/Htbot                      1217     1267   0.9605
  Malware/Miuref                     1430     2695   0.5306
  Malware/Neris                      6395     6758   0.9463
  Malware/Nsis-ay                    1201     1213   0.9901
  Malware/Shifu                      1912     1926   0.9927
  Malware/Tinba                      1698     1700   0.9988
  Malware/Virut                      5001     6620   0.7554
  Malware/Zeus                       2185     2194   0.9959
  Malware acc=0.9032  (32371/35839)

epoch 29/50  train_loss=0.1686
  loss=0.2380  acc=0.9037

  Label                           Correct    Total      Acc
  ----------------------------------------------------------
  Malware/Cridex                     3275     3277   0.9994
  Malware/Geodo                      8056     8189   0.9838
  Malware/Htbot                      1236     1267   0.9755
  Malware/Miuref                     1430     2695   0.5306
  Malware/Neris                      6296     6758   0.9316
  Malware/Nsis-ay                    1196     1213   0.9860
  Malware/Shifu                      1912     1926   0.9927
  Malware/Tinba                      1698     1700   0.9988
  Malware/Virut                      5102     6620   0.7707
  Malware/Zeus                       2185     2194   0.9959
  Malware acc=0.9037  (32386/35839)

epoch 30/50  train_loss=0.1666
  loss=0.2405  acc=0.9036

  Label                           Correct    Total      Acc
  ----------------------------------------------------------
  Malware/Cridex                     3275     3277   0.9994
  Malware/Geodo                      8056     8189   0.9838
  Malware/Htbot                      1235     1267   0.9747
  Malware/Miuref                     1430     2695   0.5306
  Malware/Neris                      6328     6758   0.9364
  Malware/Nsis-ay                    1200     1213   0.9893
  Malware/Shifu                      1912     1926   0.9927
  Malware/Tinba                      1698     1700   0.9988
  Malware/Virut                      5064     6620   0.7650
  Malware/Zeus                       2185     2194   0.9959
  Malware acc=0.9036  (32383/35839)

epoch 31/50  train_loss=0.1673
  loss=0.2356  acc=0.9037

  Label                           Correct    Total      Acc
  ----------------------------------------------------------
  Malware/Cridex                     3275     3277   0.9994
  Malware/Geodo                      8055     8189   0.9836
  Malware/Htbot                      1234     1267   0.9740
  Malware/Miuref                     1430     2695   0.5306
  Malware/Neris                      6319     6758   0.9350
  Malware/Nsis-ay                    1199     1213   0.9885
  Malware/Shifu                      1912     1926   0.9927
  Malware/Tinba                      1699     1700   0.9994
  Malware/Virut                      5083     6620   0.7678
  Malware/Zeus                       2183     2194   0.9950
  Malware acc=0.9037  (32389/35839)

epoch 32/50  train_loss=0.1671
  loss=0.2368  acc=0.9050

  Label                           Correct    Total      Acc
  ----------------------------------------------------------
  Malware/Cridex                     3275     3277   0.9994
  Malware/Geodo                      8057     8189   0.9839
  Malware/Htbot                      1239     1267   0.9779
  Malware/Miuref                     1430     2695   0.5306
  Malware/Neris                      6301     6758   0.9324
  Malware/Nsis-ay                    1201     1213   0.9901
  Malware/Shifu                      1912     1926   0.9927
  Malware/Tinba                      1698     1700   0.9988
  Malware/Virut                      5136     6620   0.7758
  Malware/Zeus                       2185     2194   0.9959
  Malware acc=0.9050  (32434/35839)
  ✓ best model saved (malware_acc=0.9050)

epoch 33/50  train_loss=0.1642
  loss=0.2370  acc=0.9047

  Label                           Correct    Total      Acc
  ----------------------------------------------------------
  Malware/Cridex                     3275     3277   0.9994
  Malware/Geodo                      8057     8189   0.9839
  Malware/Htbot                      1239     1267   0.9779
  Malware/Miuref                     1430     2695   0.5306
  Malware/Neris                      6308     6758   0.9334
  Malware/Nsis-ay                    1199     1213   0.9885
  Malware/Shifu                      1912     1926   0.9927
  Malware/Tinba                      1698     1700   0.9988
  Malware/Virut                      5122     6620   0.7737
  Malware/Zeus                       2185     2194   0.9959
  Malware acc=0.9047  (32425/35839)

epoch 34/50  train_loss=0.1639
  loss=0.2361  acc=0.9043

  Label                           Correct    Total      Acc
  ----------------------------------------------------------
  Malware/Cridex                     3275     3277   0.9994
  Malware/Geodo                      8061     8189   0.9844
  Malware/Htbot                      1228     1267   0.9692
  Malware/Miuref                     1430     2695   0.5306
  Malware/Neris                      6381     6758   0.9442
  Malware/Nsis-ay                    1199     1213   0.9885
  Malware/Shifu                      1912     1926   0.9927
  Malware/Tinba                      1698     1700   0.9988
  Malware/Virut                      5039     6620   0.7612
  Malware/Zeus                       2186     2194   0.9964
  Malware acc=0.9043  (32409/35839)

epoch 35/50  train_loss=0.1625
  loss=0.2317  acc=0.9062

  Label                           Correct    Total      Acc
  ----------------------------------------------------------
  Malware/Cridex                     3275     3277   0.9994
  Malware/Geodo                      8061     8189   0.9844
  Malware/Htbot                      1240     1267   0.9787
  Malware/Miuref                     1430     2695   0.5306
  Malware/Neris                      6313     6758   0.9342
  Malware/Nsis-ay                    1198     1213   0.9876
  Malware/Shifu                      1912     1926   0.9927
  Malware/Tinba                      1698     1700   0.9988
  Malware/Virut                      5166     6620   0.7804
  Malware/Zeus                       2186     2194   0.9964
  Malware acc=0.9062  (32479/35839)
  ✓ best model saved (malware_acc=0.9062)

epoch 36/50  train_loss=0.1623
  loss=0.2310  acc=0.9054

  Label                           Correct    Total      Acc
  ----------------------------------------------------------
  Malware/Cridex                     3275     3277   0.9994
  Malware/Geodo                      8057     8189   0.9839
  Malware/Htbot                      1238     1267   0.9771
  Malware/Miuref                     1430     2695   0.5306
  Malware/Neris                      6300     6758   0.9322
  Malware/Nsis-ay                    1200     1213   0.9893
  Malware/Shifu                      1912     1926   0.9927
  Malware/Tinba                      1698     1700   0.9988
  Malware/Virut                      5155     6620   0.7787
  Malware/Zeus                       2184     2194   0.9954
  Malware acc=0.9054  (32449/35839)

epoch 37/50  train_loss=0.1615
  loss=0.2301  acc=0.9051

  Label                           Correct    Total      Acc
  ----------------------------------------------------------
  Malware/Cridex                     3275     3277   0.9994
  Malware/Geodo                      8060     8189   0.9842
  Malware/Htbot                      1238     1267   0.9771
  Malware/Miuref                     1430     2695   0.5306
  Malware/Neris                      6277     6758   0.9288
  Malware/Nsis-ay                    1200     1213   0.9893
  Malware/Shifu                      1912     1926   0.9927
  Malware/Tinba                      1699     1700   0.9994
  Malware/Virut                      5161     6620   0.7796
  Malware/Zeus                       2186     2194   0.9964
  Malware acc=0.9051  (32438/35839)

epoch 38/50  train_loss=0.1616
  loss=0.2367  acc=0.9052

  Label                           Correct    Total      Acc
  ----------------------------------------------------------
  Malware/Cridex                     3275     3277   0.9994
  Malware/Geodo                      8057     8189   0.9839
  Malware/Htbot                      1240     1267   0.9787
  Malware/Miuref                     1430     2695   0.5306
  Malware/Neris                      6283     6758   0.9297
  Malware/Nsis-ay                    1197     1213   0.9868
  Malware/Shifu                      1912     1926   0.9927
  Malware/Tinba                      1698     1700   0.9988
  Malware/Virut                      5164     6620   0.7801
  Malware/Zeus                       2186     2194   0.9964
  Malware acc=0.9052  (32442/35839)

epoch 39/50  train_loss=0.1611
  loss=0.2340  acc=0.9054

  Label                           Correct    Total      Acc
  ----------------------------------------------------------
  Malware/Cridex                     3275     3277   0.9994
  Malware/Geodo                      8056     8189   0.9838
  Malware/Htbot                      1240     1267   0.9787
  Malware/Miuref                     1430     2695   0.5306
  Malware/Neris                      6286     6758   0.9302
  Malware/Nsis-ay                    1197     1213   0.9868
  Malware/Shifu                      1912     1926   0.9927
  Malware/Tinba                      1698     1700   0.9988
  Malware/Virut                      5169     6620   0.7808
  Malware/Zeus                       2186     2194   0.9964
  Malware acc=0.9054  (32449/35839)

epoch 40/50  train_loss=0.1607
  loss=0.2341  acc=0.9043

  Label                           Correct    Total      Acc
  ----------------------------------------------------------
  Malware/Cridex                     3275     3277   0.9994
  Malware/Geodo                      8059     8189   0.9841
  Malware/Htbot                      1238     1267   0.9771
  Malware/Miuref                     1430     2695   0.5306
  Malware/Neris                      6330     6758   0.9367
  Malware/Nsis-ay                    1200     1213   0.9893
  Malware/Shifu                      1912     1926   0.9927
  Malware/Tinba                      1698     1700   0.9988
  Malware/Virut                      5082     6620   0.7677
  Malware/Zeus                       2185     2194   0.9959
  Malware acc=0.9043  (32409/35839)

epoch 41/50  train_loss=0.1602
  loss=0.2326  acc=0.9053

  Label                           Correct    Total      Acc
  ----------------------------------------------------------
  Malware/Cridex                     3275     3277   0.9994
  Malware/Geodo                      8056     8189   0.9838
  Malware/Htbot                      1246     1267   0.9834
  Malware/Miuref                     1430     2695   0.5306
  Malware/Neris                      6301     6758   0.9324
  Malware/Nsis-ay                    1199     1213   0.9885
  Malware/Shifu                      1912     1926   0.9927
  Malware/Tinba                      1698     1700   0.9988
  Malware/Virut                      5143     6620   0.7769
  Malware/Zeus                       2185     2194   0.9959
  Malware acc=0.9053  (32445/35839)

epoch 42/50  train_loss=0.1589
  loss=0.2312  acc=0.9054

  Label                           Correct    Total      Acc
  ----------------------------------------------------------
  Malware/Cridex                     3275     3277   0.9994
  Malware/Geodo                      8060     8189   0.9842
  Malware/Htbot                      1244     1267   0.9818
  Malware/Miuref                     1430     2695   0.5306
  Malware/Neris                      6293     6758   0.9312
  Malware/Nsis-ay                    1201     1213   0.9901
  Malware/Shifu                      1912     1926   0.9927
  Malware/Tinba                      1698     1700   0.9988
  Malware/Virut                      5150     6620   0.7779
  Malware/Zeus                       2186     2194   0.9964
  Malware acc=0.9054  (32449/35839)

epoch 43/50  train_loss=0.1602
  loss=0.2297  acc=0.9054

  Label                           Correct    Total      Acc
  ----------------------------------------------------------
  Malware/Cridex                     3275     3277   0.9994
  Malware/Geodo                      8059     8189   0.9841
  Malware/Htbot                      1245     1267   0.9826
  Malware/Miuref                     1430     2695   0.5306
  Malware/Neris                      6300     6758   0.9322
  Malware/Nsis-ay                    1199     1213   0.9885
  Malware/Shifu                      1912     1926   0.9927
  Malware/Tinba                      1698     1700   0.9988
  Malware/Virut                      5145     6620   0.7772
  Malware/Zeus                       2185     2194   0.9959
  Malware acc=0.9054  (32448/35839)

epoch 44/50  train_loss=0.1589
  loss=0.2307  acc=0.9057

  Label                           Correct    Total      Acc
  ----------------------------------------------------------
  Malware/Cridex                     3275     3277   0.9994
  Malware/Geodo                      8057     8189   0.9839
  Malware/Htbot                      1242     1267   0.9803
  Malware/Miuref                     1430     2695   0.5306
  Malware/Neris                      6309     6758   0.9336
  Malware/Nsis-ay                    1201     1213   0.9901
  Malware/Shifu                      1912     1926   0.9927
  Malware/Tinba                      1698     1700   0.9988
  Malware/Virut                      5149     6620   0.7778
  Malware/Zeus                       2186     2194   0.9964
  Malware acc=0.9057  (32459/35839)

epoch 45/50  train_loss=0.1591
  loss=0.2305  acc=0.9055

  Label                           Correct    Total      Acc
  ----------------------------------------------------------
  Malware/Cridex                     3275     3277   0.9994
  Malware/Geodo                      8060     8189   0.9842
  Malware/Htbot                      1244     1267   0.9818
  Malware/Miuref                     1430     2695   0.5306
  Malware/Neris                      6299     6758   0.9321
  Malware/Nsis-ay                    1200     1213   0.9893
  Malware/Shifu                      1912     1926   0.9927
  Malware/Tinba                      1698     1700   0.9988
  Malware/Virut                      5150     6620   0.7779
  Malware/Zeus                       2185     2194   0.9959
  Malware acc=0.9055  (32453/35839)

epoch 46/50  train_loss=0.1581
  loss=0.2305  acc=0.9057

  Label                           Correct    Total      Acc
  ----------------------------------------------------------
  Malware/Cridex                     3275     3277   0.9994
  Malware/Geodo                      8060     8189   0.9842
  Malware/Htbot                      1246     1267   0.9834
  Malware/Miuref                     1430     2695   0.5306
  Malware/Neris                      6299     6758   0.9321
  Malware/Nsis-ay                    1199     1213   0.9885
  Malware/Shifu                      1912     1926   0.9927
  Malware/Tinba                      1698     1700   0.9988
  Malware/Virut                      5156     6620   0.7789
  Malware/Zeus                       2186     2194   0.9964
  Malware acc=0.9057  (32461/35839)

epoch 47/50  train_loss=0.1593
  loss=0.2307  acc=0.9056

  Label                           Correct    Total      Acc
  ----------------------------------------------------------
  Malware/Cridex                     3275     3277   0.9994
  Malware/Geodo                      8060     8189   0.9842
  Malware/Htbot                      1246     1267   0.9834
  Malware/Miuref                     1430     2695   0.5306
  Malware/Neris                      6298     6758   0.9319
  Malware/Nsis-ay                    1199     1213   0.9885
  Malware/Shifu                      1912     1926   0.9927
  Malware/Tinba                      1698     1700   0.9988
  Malware/Virut                      5153     6620   0.7784
  Malware/Zeus                       2186     2194   0.9964
  Malware acc=0.9056  (32457/35839)

epoch 48/50  train_loss=0.1584
  loss=0.2305  acc=0.9057

  Label                           Correct    Total      Acc
  ----------------------------------------------------------
  Malware/Cridex                     3275     3277   0.9994
  Malware/Geodo                      8060     8189   0.9842
  Malware/Htbot                      1245     1267   0.9826
  Malware/Miuref                     1430     2695   0.5306
  Malware/Neris                      6304     6758   0.9328
  Malware/Nsis-ay                    1200     1213   0.9893
  Malware/Shifu                      1912     1926   0.9927
  Malware/Tinba                      1698     1700   0.9988
  Malware/Virut                      5149     6620   0.7778
  Malware/Zeus                       2186     2194   0.9964
  Malware acc=0.9057  (32459/35839)

epoch 49/50  train_loss=0.1583
  loss=0.2305  acc=0.9056

  Label                           Correct    Total      Acc
  ----------------------------------------------------------
  Malware/Cridex                     3275     3277   0.9994
  Malware/Geodo                      8060     8189   0.9842
  Malware/Htbot                      1245     1267   0.9826
  Malware/Miuref                     1430     2695   0.5306
  Malware/Neris                      6303     6758   0.9327
  Malware/Nsis-ay                    1199     1213   0.9885
  Malware/Shifu                      1912     1926   0.9927
  Malware/Tinba                      1698     1700   0.9988
  Malware/Virut                      5150     6620   0.7779
  Malware/Zeus                       2185     2194   0.9959
  Malware acc=0.9056  (32457/35839)

epoch 50/50  train_loss=0.1587
  loss=0.2306  acc=0.9056

  Label                           Correct    Total      Acc
  ----------------------------------------------------------
  Malware/Cridex                     3275     3277   0.9994
  Malware/Geodo                      8060     8189   0.9842
  Malware/Htbot                      1245     1267   0.9826
  Malware/Miuref                     1430     2695   0.5306
  Malware/Neris                      6302     6758   0.9325
  Malware/Nsis-ay                    1199     1213   0.9885
  Malware/Shifu                      1912     1926   0.9927
  Malware/Tinba                      1698     1700   0.9988
  Malware/Virut                      5151     6620   0.7781
  Malware/Zeus                       2185     2194   0.9959
  Malware acc=0.9056  (32457/35839)